<?xml version="1.0" encoding="UTF-8"?>
<testsuite name="com.automationanywhere.botcommand.demo.ReplaceWithRegexExpressionTest" tests="1" skipped="0" failures="0" errors="0" timestamp="2019-11-05T15:29:33" hostname="EC2AMAZ-4PFQG1I" time="0.0">
  <properties/>
  <testcase name="aTests[0]([\r\n]+, hello my name&#10; is &#10;bren, , hello my name is bren)" classname="com.automationanywhere.botcommand.demo.ReplaceWithRegexExpressionTest" time="0.0"/>
  <system-out><![CDATA[]]></system-out>
  <system-err><![CDATA[]]></system-err>
</testsuite>
